<?xml version="1.0" encoding="UTF-8"?>
<testng-results ignored="0" total="1" passed="1" failed="0" skipped="0">
  <reporter-output>
  </reporter-output>
  <suite started-at="2023-12-11T13:50:29 IST" name="Default suite" finished-at="2023-12-11T13:51:31 IST" duration-ms="62604">
    <groups>
    </groups>
    <test started-at="2023-12-11T13:50:29 IST" name="Default test" finished-at="2023-12-11T13:51:31 IST" duration-ms="62604">
      <class name="maven.ExtentReports.Demo1">
        <test-method is-config="true" signature="setup()[pri:0, instance:maven.ExtentReports.Demo1@25ce9dc4]" started-at="2023-12-11T13:50:29 IST" name="setup" finished-at="2023-12-11T13:50:29 IST" duration-ms="758" status="PASS">
          <reporter-output>
          </reporter-output>
        </test-method> <!-- setup -->
        <test-method is-config="true" signature="initialize()[pri:0, instance:maven.ExtentReports.Demo1@25ce9dc4]" started-at="2023-12-11T13:50:29 IST" name="initialize" finished-at="2023-12-11T13:50:46 IST" duration-ms="16551" status="PASS">
          <reporter-output>
          </reporter-output>
        </test-method> <!-- initialize -->
        <test-method signature="loginTest()[pri:0, instance:maven.ExtentReports.Demo1@25ce9dc4]" started-at="2023-12-11T13:50:46 IST" name="loginTest" finished-at="2023-12-11T13:51:29 IST" duration-ms="43008" status="PASS">
          <reporter-output>
          </reporter-output>
        </test-method> <!-- loginTest -->
        <test-method is-config="true" signature="tearDown()[pri:0, instance:maven.ExtentReports.Demo1@25ce9dc4]" started-at="2023-12-11T13:51:29 IST" name="tearDown" finished-at="2023-12-11T13:51:30 IST" duration-ms="1248" status="PASS">
          <reporter-output>
          </reporter-output>
        </test-method> <!-- tearDown -->
        <test-method is-config="true" signature="reportTeardown()[pri:0, instance:maven.ExtentReports.Demo1@25ce9dc4]" started-at="2023-12-11T13:51:30 IST" name="reportTeardown" finished-at="2023-12-11T13:51:31 IST" duration-ms="933" status="PASS">
          <reporter-output>
          </reporter-output>
        </test-method> <!-- reportTeardown -->
      </class> <!-- maven.ExtentReports.Demo1 -->
    </test> <!-- Default test -->
  </suite> <!-- Default suite -->
</testng-results>
